<?xml version="1.0" encoding="UTF-8"?>
<!-- Generated by org.testng.reporters.JUnitReportReporter -->
<testsuite name="Positive_Test" tests="3" time="6.566" ignored="0" failures="0" timestamp="16 Aug 2018 05:25:28 GMT" skipped="0" hostname="DESKTOP-BMTHO9F" errors="0">
  <testcase name="startVerificationCorrectID" time="1.435" classname="Positive_Test"/>
  <testcase name="createVerifications" time="4.053" classname="Positive_Test"/>
  <testcase name="uploadImageCorrectId" time="1.078" classname="Positive_Test"/>
</testsuite> <!-- Positive_Test -->
